<?xml version="1.0" encoding="UTF-8"?>
<!-- Generated by org.testng.reporters.JUnitXMLReporter -->
<testsuite hostname="Admin-PC" ignored="0" name="Test" tests="1" failures="0" timestamp="31 Jan 2019 04:35:22 GMT" time="0.39" errors="0">
  <testcase name="@BeforeClass openApp" time="0.343" classname="com.tangent.libraries.BaseTest">
    <failure type="java.lang.IllegalStateException" message="The driver executable does not exist: C:\Users\Admin\Desktop\Tangent\Tangent\.\driver\geckodriver.exe">
      <![CDATA[java.lang.IllegalStateException: The driver executable does not exist: C:\Users\Admin\Desktop\Tangent\Tangent\.\driver\geckodriver.exe
at com.google.common.base.Preconditions.checkState(Preconditions.java:518)
at org.openqa.selenium.remote.service.DriverService.checkExecutable(DriverService.java:136)
at org.openqa.selenium.remote.service.DriverService.findExecutable(DriverService.java:131)
at org.openqa.selenium.firefox.GeckoDriverService.access$100(GeckoDriverService.java:41)
at org.openqa.selenium.firefox.GeckoDriverService$Builder.findDefaultExecutable(GeckoDriverService.java:115)
at org.openqa.selenium.remote.service.DriverService$Builder.build(DriverService.java:330)
at org.openqa.selenium.firefox.FirefoxDriver.toExecutor(FirefoxDriver.java:207)
at org.openqa.selenium.firefox.FirefoxDriver.<init>(FirefoxDriver.java:108)
at org.openqa.selenium.firefox.FirefoxDriver.<init>(FirefoxDriver.java:104)
at com.tangent.libraries.BaseTest.openApp(BaseTest.java:32)
... Removed 26 stack frames]]>
    </failure>
  </testcase> <!-- @BeforeClass openApp -->
  <testcase name="@AfterMethod postCondition" time="0.0" classname="com.tangent.libraries.BaseTest">
    <skipped/>
  </testcase> <!-- @AfterMethod postCondition -->
  <testcase name="@AfterClass closeApp" time="0.0" classname="com.tangent.libraries.BaseTest">
    <skipped/>
  </testcase> <!-- @AfterClass closeApp -->
  <testcase name="actitime_login_ST_01" time="0.0" classname="com.tangent.tests.Actitime_Login_ST_01">
    <skipped/>
  </testcase> <!-- actitime_login_ST_01 -->
</testsuite> <!-- Test -->
